<?xml version="1.0" encoding="UTF-8"?>
<!-- Generated by org.testng.reporters.JUnitXMLReporter -->
<testsuite ignored="10" hostname="LAPTOP-Q3JCMTD1" failures="0" tests="14" name="Apparel Store Test" time="285.583" errors="0" timestamp="18 Oct 2021 12:21:45 GMT">
  <testcase classname="com.store.testCases.LoginLogOffTest" name="invalidLoginTest" time="4.678"/>
  <testcase classname="com.store.testCases.LoginLogOffTest" name="logOffTest" time="6.915"/>
  <testcase classname="com.store.testCases.LoginLogOffTest" name="validLoginTest" time="5.414"/>
  <testcase classname="com.store.testCases.PlaceOrderTest" name="placeOrder" time="49.086"/>
  <testcase classname="com.store.testCases.ReviewTest" name="writeReviewTest" time="24.138"/>
  <testcase classname="com.store.testCases.ShareProductTests" name="shareProductTest" time="9.704"/>
  <testcase classname="com.store.testCases.SearchTests" name="itemsSearchTest" time="2.204"/>
  <testcase classname="com.store.testCases.SearchTests" name="itemsSearchTest" time="2.373"/>
  <testcase classname="com.store.testCases.SearchTests" name="itemsSearchTest" time="2.626"/>
  <testcase classname="com.store.testCases.SearchTests" name="itemsSearchTest" time="21.259"/>
  <testcase classname="com.store.testCases.SearchTests" name="itemsSearchTest" time="2.231"/>
  <testcase classname="com.store.testCases.SearchTests" name="manufacturerTest" time="3.963"/>
  <testcase classname="com.store.testCases.AccountCreationTests" name="createAccountCaseTest" time="12.521"/>
  <testcase classname="com.store.testCases.AccountCreationTests" name="createAccountTest" time="10.964"/>
  <testcase classname="com.store.utils.BaseClass" name="@AfterTest stopTest" time="0.0">
    <ignored/>
  </testcase> <!-- @AfterTest stopTest -->
  <testcase classname="com.store.utils.BaseClass" name="@AfterTest stopTest" time="0.0">
    <ignored/>
  </testcase> <!-- @AfterTest stopTest -->
  <testcase classname="com.store.utils.BaseClass" name="@AfterTest stopTest" time="0.0">
    <ignored/>
  </testcase> <!-- @AfterTest stopTest -->
  <testcase classname="com.store.utils.BaseClass" name="@AfterTest stopTest" time="0.0">
    <ignored/>
  </testcase> <!-- @AfterTest stopTest -->
  <testcase classname="com.store.utils.BaseClass" name="@AfterTest stopTest" time="0.0">
    <ignored/>
  </testcase> <!-- @AfterTest stopTest -->
  <testcase classname="com.store.utils.BaseClass" name="@BeforeTest startReport" time="0.0">
    <ignored/>
  </testcase> <!-- @BeforeTest startReport -->
  <testcase classname="com.store.utils.BaseClass" name="@BeforeTest startReport" time="0.0">
    <ignored/>
  </testcase> <!-- @BeforeTest startReport -->
  <testcase classname="com.store.utils.BaseClass" name="@BeforeTest startReport" time="0.0">
    <ignored/>
  </testcase> <!-- @BeforeTest startReport -->
  <testcase classname="com.store.utils.BaseClass" name="@BeforeTest startReport" time="0.0">
    <ignored/>
  </testcase> <!-- @BeforeTest startReport -->
  <testcase classname="com.store.utils.BaseClass" name="@BeforeTest startReport" time="0.0">
    <ignored/>
  </testcase> <!-- @BeforeTest startReport -->
</testsuite> <!-- Apparel Store Test -->
