<?xml version="1.0" encoding="UTF-8"?>
<testng-results ignored="10" total="24" passed="14" failed="0" skipped="0">
  <reporter-output>
  </reporter-output>
  <suite started-at="2021-10-18T12:16:59Z" name="ApparelStoreTestSuite" finished-at="2021-10-18T12:21:45Z" duration-ms="285583">
    <groups>
    </groups>
    <test started-at="2021-10-18T12:16:59Z" name="Apparel Store Test" finished-at="2021-10-18T12:21:45Z" duration-ms="285583">
      <class name="com.store.testCases.ReviewTest">
        <test-method is-config="true" signature="beforeMethod(java.lang.String)[pri:0, instance:com.store.testCases.ReviewTest@77167fb7]" started-at="2021-10-18T12:18:42Z" name="beforeMethod" finished-at="2021-10-18T12:18:50Z" duration-ms="7615" status="PASS">
          <params>
            <param index="0">
              <value>
                <![CDATA[chrome]]>
              </value>
            </param>
          </params>
          <reporter-output>
          </reporter-output>
        </test-method> <!-- beforeMethod -->
        <test-method signature="writeReviewTest()[pri:0, instance:com.store.testCases.ReviewTest@77167fb7]" started-at="2021-10-18T12:18:50Z" name="writeReviewTest" finished-at="2021-10-18T12:19:14Z" duration-ms="24138" status="PASS">
          <reporter-output>
          </reporter-output>
        </test-method> <!-- writeReviewTest -->
        <test-method is-config="true" signature="afterMethod(org.testng.ITestResult)[pri:0, instance:com.store.testCases.ReviewTest@77167fb7]" started-at="2021-10-18T12:19:14Z" name="afterMethod" finished-at="2021-10-18T12:19:15Z" duration-ms="798" status="PASS">
          <params>
            <param index="0">
              <value>
                <![CDATA[[TestResult name=writeReviewTest status=SUCCESS method=ReviewTest.writeReviewTest()[pri:0, instance:com.store.testCases.ReviewTest@77167fb7] output={null}]]]>
              </value>
            </param>
          </params>
          <reporter-output>
          </reporter-output>
        </test-method> <!-- afterMethod -->
      </class> <!-- com.store.testCases.ReviewTest -->
      <class name="com.store.testCases.SearchTests">
        <test-method is-config="true" signature="beforeMethod(java.lang.String)[pri:0, instance:com.store.testCases.SearchTests@6ce139a4]" started-at="2021-10-18T12:19:35Z" name="beforeMethod" finished-at="2021-10-18T12:19:42Z" duration-ms="7456" status="PASS">
          <params>
            <param index="0">
              <value>
                <![CDATA[chrome]]>
              </value>
            </param>
          </params>
          <reporter-output>
          </reporter-output>
        </test-method> <!-- beforeMethod -->
        <test-method signature="itemsSearchTest(java.util.Hashtable)[pri:0, instance:com.store.testCases.SearchTests@6ce139a4]" started-at="2021-10-18T12:19:42Z" name="itemsSearchTest" data-provider="getData" finished-at="2021-10-18T12:19:44Z" duration-ms="2204" status="PASS">
          <params>
            <param index="0">
              <value>
                <![CDATA[{NumItemsListed=7, searchItem=dress}]]>
              </value>
            </param>
          </params>
          <reporter-output>
          </reporter-output>
        </test-method> <!-- itemsSearchTest -->
        <test-method is-config="true" signature="afterMethod(org.testng.ITestResult)[pri:0, instance:com.store.testCases.SearchTests@6ce139a4]" started-at="2021-10-18T12:19:44Z" name="afterMethod" finished-at="2021-10-18T12:19:45Z" duration-ms="677" status="PASS">
          <params>
            <param index="0">
              <value>
                <![CDATA[[TestResult name=itemsSearchTest status=SUCCESS method=SearchTests.itemsSearchTest(java.util.Hashtable)[pri:0, instance:com.store.testCases.SearchTests@6ce139a4] output={null}]]]>
              </value>
            </param>
          </params>
          <reporter-output>
          </reporter-output>
        </test-method> <!-- afterMethod -->
        <test-method is-config="true" signature="beforeMethod(java.lang.String)[pri:0, instance:com.store.testCases.SearchTests@6ce139a4]" started-at="2021-10-18T12:19:45Z" name="beforeMethod" finished-at="2021-10-18T12:19:54Z" duration-ms="8783" status="PASS">
          <params>
            <param index="0">
              <value>
                <![CDATA[chrome]]>
              </value>
            </param>
          </params>
          <reporter-output>
          </reporter-output>
        </test-method> <!-- beforeMethod -->
        <test-method signature="itemsSearchTest(java.util.Hashtable)[pri:0, instance:com.store.testCases.SearchTests@6ce139a4]" started-at="2021-10-18T12:19:54Z" name="itemsSearchTest" data-provider="getData" finished-at="2021-10-18T12:19:56Z" duration-ms="2373" status="PASS">
          <params>
            <param index="0">
              <value>
                <![CDATA[{NumItemsListed=1, searchItem=blouse}]]>
              </value>
            </param>
          </params>
          <reporter-output>
          </reporter-output>
        </test-method> <!-- itemsSearchTest -->
        <test-method is-config="true" signature="afterMethod(org.testng.ITestResult)[pri:0, instance:com.store.testCases.SearchTests@6ce139a4]" started-at="2021-10-18T12:19:56Z" name="afterMethod" finished-at="2021-10-18T12:19:57Z" duration-ms="923" status="PASS">
          <params>
            <param index="0">
              <value>
                <![CDATA[[TestResult name=itemsSearchTest status=SUCCESS method=SearchTests.itemsSearchTest(java.util.Hashtable)[pri:0, instance:com.store.testCases.SearchTests@6ce139a4] output={null}]]]>
              </value>
            </param>
          </params>
          <reporter-output>
          </reporter-output>
        </test-method> <!-- afterMethod -->
        <test-method is-config="true" signature="beforeMethod(java.lang.String)[pri:0, instance:com.store.testCases.SearchTests@6ce139a4]" started-at="2021-10-18T12:19:57Z" name="beforeMethod" finished-at="2021-10-18T12:20:05Z" duration-ms="8009" status="PASS">
          <params>
            <param index="0">
              <value>
                <![CDATA[chrome]]>
              </value>
            </param>
          </params>
          <reporter-output>
          </reporter-output>
        </test-method> <!-- beforeMethod -->
        <test-method signature="itemsSearchTest(java.util.Hashtable)[pri:0, instance:com.store.testCases.SearchTests@6ce139a4]" started-at="2021-10-18T12:20:05Z" name="itemsSearchTest" data-provider="getData" finished-at="2021-10-18T12:20:08Z" duration-ms="2626" status="PASS">
          <params>
            <param index="0">
              <value>
                <![CDATA[{NumItemsListed=1, searchItem=t shirt}]]>
              </value>
            </param>
          </params>
          <reporter-output>
          </reporter-output>
        </test-method> <!-- itemsSearchTest -->
        <test-method is-config="true" signature="afterMethod(org.testng.ITestResult)[pri:0, instance:com.store.testCases.SearchTests@6ce139a4]" started-at="2021-10-18T12:20:08Z" name="afterMethod" finished-at="2021-10-18T12:20:08Z" duration-ms="779" status="PASS">
          <params>
            <param index="0">
              <value>
                <![CDATA[[TestResult name=itemsSearchTest status=SUCCESS method=SearchTests.itemsSearchTest(java.util.Hashtable)[pri:0, instance:com.store.testCases.SearchTests@6ce139a4] output={null}]]]>
              </value>
            </param>
          </params>
          <reporter-output>
          </reporter-output>
        </test-method> <!-- afterMethod -->
        <test-method is-config="true" signature="beforeMethod(java.lang.String)[pri:0, instance:com.store.testCases.SearchTests@6ce139a4]" started-at="2021-10-18T12:20:08Z" name="beforeMethod" finished-at="2021-10-18T12:20:17Z" duration-ms="8305" status="PASS">
          <params>
            <param index="0">
              <value>
                <![CDATA[chrome]]>
              </value>
            </param>
          </params>
          <reporter-output>
          </reporter-output>
        </test-method> <!-- beforeMethod -->
        <test-method signature="itemsSearchTest(java.util.Hashtable)[pri:0, instance:com.store.testCases.SearchTests@6ce139a4]" started-at="2021-10-18T12:20:17Z" name="itemsSearchTest" data-provider="getData" finished-at="2021-10-18T12:20:38Z" duration-ms="21259" status="PASS">
          <params>
            <param index="0">
              <value>
                <![CDATA[{NumItemsListed=0, searchItem=silk}]]>
              </value>
            </param>
          </params>
          <reporter-output>
          </reporter-output>
        </test-method> <!-- itemsSearchTest -->
        <test-method is-config="true" signature="afterMethod(org.testng.ITestResult)[pri:0, instance:com.store.testCases.SearchTests@6ce139a4]" started-at="2021-10-18T12:20:38Z" name="afterMethod" finished-at="2021-10-18T12:20:39Z" duration-ms="693" status="PASS">
          <params>
            <param index="0">
              <value>
                <![CDATA[[TestResult name=itemsSearchTest status=SUCCESS method=SearchTests.itemsSearchTest(java.util.Hashtable)[pri:0, instance:com.store.testCases.SearchTests@6ce139a4] output={null}]]]>
              </value>
            </param>
          </params>
          <reporter-output>
          </reporter-output>
        </test-method> <!-- afterMethod -->
        <test-method is-config="true" signature="beforeMethod(java.lang.String)[pri:0, instance:com.store.testCases.SearchTests@6ce139a4]" started-at="2021-10-18T12:20:39Z" name="beforeMethod" finished-at="2021-10-18T12:20:47Z" duration-ms="8401" status="PASS">
          <params>
            <param index="0">
              <value>
                <![CDATA[chrome]]>
              </value>
            </param>
          </params>
          <reporter-output>
          </reporter-output>
        </test-method> <!-- beforeMethod -->
        <test-method signature="itemsSearchTest(java.util.Hashtable)[pri:0, instance:com.store.testCases.SearchTests@6ce139a4]" started-at="2021-10-18T12:20:47Z" name="itemsSearchTest" data-provider="getData" finished-at="2021-10-18T12:20:49Z" duration-ms="2231" status="PASS">
          <params>
            <param index="0">
              <value>
                <![CDATA[{NumItemsListed=4, searchItem=summer}]]>
              </value>
            </param>
          </params>
          <reporter-output>
          </reporter-output>
        </test-method> <!-- itemsSearchTest -->
        <test-method is-config="true" signature="afterMethod(org.testng.ITestResult)[pri:0, instance:com.store.testCases.SearchTests@6ce139a4]" started-at="2021-10-18T12:20:49Z" name="afterMethod" finished-at="2021-10-18T12:20:50Z" duration-ms="685" status="PASS">
          <params>
            <param index="0">
              <value>
                <![CDATA[[TestResult name=itemsSearchTest status=SUCCESS method=SearchTests.itemsSearchTest(java.util.Hashtable)[pri:0, instance:com.store.testCases.SearchTests@6ce139a4] output={null}]]]>
              </value>
            </param>
          </params>
          <reporter-output>
          </reporter-output>
        </test-method> <!-- afterMethod -->
        <test-method is-config="true" signature="beforeMethod(java.lang.String)[pri:0, instance:com.store.testCases.SearchTests@6ce139a4]" started-at="2021-10-18T12:20:50Z" name="beforeMethod" finished-at="2021-10-18T12:20:58Z" duration-ms="7681" status="PASS">
          <params>
            <param index="0">
              <value>
                <![CDATA[chrome]]>
              </value>
            </param>
          </params>
          <reporter-output>
          </reporter-output>
        </test-method> <!-- beforeMethod -->
        <test-method signature="manufacturerTest()[pri:0, instance:com.store.testCases.SearchTests@6ce139a4]" started-at="2021-10-18T12:20:58Z" name="manufacturerTest" finished-at="2021-10-18T12:21:02Z" duration-ms="3963" status="PASS">
          <reporter-output>
          </reporter-output>
        </test-method> <!-- manufacturerTest -->
        <test-method is-config="true" signature="afterMethod(org.testng.ITestResult)[pri:0, instance:com.store.testCases.SearchTests@6ce139a4]" started-at="2021-10-18T12:21:02Z" name="afterMethod" finished-at="2021-10-18T12:21:02Z" duration-ms="718" status="PASS">
          <params>
            <param index="0">
              <value>
                <![CDATA[[TestResult name=manufacturerTest status=SUCCESS method=SearchTests.manufacturerTest()[pri:0, instance:com.store.testCases.SearchTests@6ce139a4] output={null}]]]>
              </value>
            </param>
          </params>
          <reporter-output>
          </reporter-output>
        </test-method> <!-- afterMethod -->
      </class> <!-- com.store.testCases.SearchTests -->
      <class name="com.store.testCases.AccountCreationTests">
        <test-method is-config="true" signature="startReport()[pri:0, instance:com.store.testCases.AccountCreationTests@61dd025]" started-at="2021-10-18T12:16:59Z" name="startReport" finished-at="2021-10-18T12:17:00Z" duration-ms="325" status="PASS">
          <reporter-output>
          </reporter-output>
        </test-method> <!-- startReport -->
        <test-method is-config="true" signature="getAccountCreationData()[pri:0, instance:com.store.testCases.AccountCreationTests@61dd025]" started-at="2021-10-18T12:21:02Z" name="getAccountCreationData" finished-at="2021-10-18T12:21:02Z" duration-ms="107" status="PASS">
          <reporter-output>
          </reporter-output>
        </test-method> <!-- getAccountCreationData -->
        <test-method is-config="true" signature="beforeMethod(java.lang.String)[pri:0, instance:com.store.testCases.AccountCreationTests@61dd025]" started-at="2021-10-18T12:21:03Z" name="beforeMethod" finished-at="2021-10-18T12:21:11Z" duration-ms="7970" status="PASS">
          <params>
            <param index="0">
              <value>
                <![CDATA[chrome]]>
              </value>
            </param>
          </params>
          <reporter-output>
          </reporter-output>
        </test-method> <!-- beforeMethod -->
        <test-method signature="createAccountCaseTest(java.util.Hashtable)[pri:48, instance:com.store.testCases.AccountCreationTests@61dd025]" started-at="2021-10-18T12:21:11Z" name="createAccountCaseTest" data-provider="accountsData" finished-at="2021-10-18T12:21:23Z" duration-ms="12521" status="PASS">
          <params>
            <param index="0">
              <value>
                <![CDATA[{postalCode=11234, state=Florida, country=United States, city=London, addressLine1=line1, email=testaccount19@email.com, firstName=Bhanu, password=testaccount19, lastName=Ramasri, phoneNumber=8563478458}]]>
              </value>
            </param>
          </params>
          <reporter-output>
          </reporter-output>
        </test-method> <!-- createAccountCaseTest -->
        <test-method is-config="true" signature="afterMethod(org.testng.ITestResult)[pri:0, instance:com.store.testCases.AccountCreationTests@61dd025]" started-at="2021-10-18T12:21:23Z" name="afterMethod" finished-at="2021-10-18T12:21:24Z" duration-ms="757" status="PASS">
          <params>
            <param index="0">
              <value>
                <![CDATA[[TestResult name=createAccountCaseTest status=SUCCESS method=AccountCreationTests.createAccountCaseTest(java.util.Hashtable)[pri:48, instance:com.store.testCases.AccountCreationTests@61dd025] output={null}]]]>
              </value>
            </param>
          </params>
          <reporter-output>
          </reporter-output>
        </test-method> <!-- afterMethod -->
        <test-method is-config="true" signature="beforeMethod(java.lang.String)[pri:0, instance:com.store.testCases.AccountCreationTests@61dd025]" started-at="2021-10-18T12:21:24Z" name="beforeMethod" finished-at="2021-10-18T12:21:32Z" duration-ms="8018" status="PASS">
          <params>
            <param index="0">
              <value>
                <![CDATA[chrome]]>
              </value>
            </param>
          </params>
          <reporter-output>
          </reporter-output>
        </test-method> <!-- beforeMethod -->
        <test-method signature="createAccountTest(java.util.Hashtable)[pri:49, instance:com.store.testCases.AccountCreationTests@61dd025]" started-at="2021-10-18T12:21:32Z" name="createAccountTest" data-provider="accountsData" finished-at="2021-10-18T12:21:43Z" duration-ms="10964" status="PASS">
          <params>
            <param index="0">
              <value>
                <![CDATA[{postalCode=11234, state=Florida, country=United States, city=London, addressLine1=line1, email=testaccount19@email.com, firstName=Bhanu, password=testaccount19, lastName=Ramasri, phoneNumber=8563478458}]]>
              </value>
            </param>
          </params>
          <reporter-output>
          </reporter-output>
        </test-method> <!-- createAccountTest -->
        <test-method is-config="true" signature="afterMethod(org.testng.ITestResult)[pri:0, instance:com.store.testCases.AccountCreationTests@61dd025]" started-at="2021-10-18T12:21:43Z" name="afterMethod" finished-at="2021-10-18T12:21:44Z" duration-ms="1151" status="PASS">
          <params>
            <param index="0">
              <value>
                <![CDATA[[TestResult name=createAccountTest status=SUCCESS method=AccountCreationTests.createAccountTest(java.util.Hashtable)[pri:49, instance:com.store.testCases.AccountCreationTests@61dd025] output={null}]]]>
              </value>
            </param>
          </params>
          <reporter-output>
          </reporter-output>
        </test-method> <!-- afterMethod -->
        <test-method is-config="true" signature="stopTest()[pri:0, instance:com.store.testCases.AccountCreationTests@61dd025]" started-at="2021-10-18T12:21:44Z" name="stopTest" finished-at="2021-10-18T12:21:45Z" duration-ms="673" status="PASS">
          <reporter-output>
          </reporter-output>
        </test-method> <!-- stopTest -->
      </class> <!-- com.store.testCases.AccountCreationTests -->
      <class name="com.store.testCases.PlaceOrderTest">
        <test-method is-config="true" signature="beforeMethod(java.lang.String)[pri:0, instance:com.store.testCases.PlaceOrderTest@15b204a1]" started-at="2021-10-18T12:17:44Z" name="beforeMethod" finished-at="2021-10-18T12:17:52Z" duration-ms="7840" status="PASS">
          <params>
            <param index="0">
              <value>
                <![CDATA[chrome]]>
              </value>
            </param>
          </params>
          <reporter-output>
          </reporter-output>
        </test-method> <!-- beforeMethod -->
        <test-method signature="placeOrder()[pri:0, instance:com.store.testCases.PlaceOrderTest@15b204a1]" started-at="2021-10-18T12:17:52Z" name="placeOrder" finished-at="2021-10-18T12:18:41Z" duration-ms="49086" status="PASS">
          <reporter-output>
          </reporter-output>
        </test-method> <!-- placeOrder -->
        <test-method is-config="true" signature="afterMethod(org.testng.ITestResult)[pri:0, instance:com.store.testCases.PlaceOrderTest@15b204a1]" started-at="2021-10-18T12:18:41Z" name="afterMethod" finished-at="2021-10-18T12:18:42Z" duration-ms="722" status="PASS">
          <params>
            <param index="0">
              <value>
                <![CDATA[[TestResult name=placeOrder status=SUCCESS method=PlaceOrderTest.placeOrder()[pri:0, instance:com.store.testCases.PlaceOrderTest@15b204a1] output={null}]]]>
              </value>
            </param>
          </params>
          <reporter-output>
          </reporter-output>
        </test-method> <!-- afterMethod -->
      </class> <!-- com.store.testCases.PlaceOrderTest -->
      <class name="com.store.testCases.LoginLogOffTest">
        <test-method is-config="true" signature="beforeMethod(java.lang.String)[pri:0, instance:com.store.testCases.LoginLogOffTest@124c278f]" started-at="2021-10-18T12:17:00Z" name="beforeMethod" finished-at="2021-10-18T12:17:09Z" duration-ms="9920" status="PASS">
          <params>
            <param index="0">
              <value>
                <![CDATA[chrome]]>
              </value>
            </param>
          </params>
          <reporter-output>
          </reporter-output>
        </test-method> <!-- beforeMethod -->
        <test-method signature="invalidLoginTest()[pri:0, instance:com.store.testCases.LoginLogOffTest@124c278f]" started-at="2021-10-18T12:17:09Z" name="invalidLoginTest" finished-at="2021-10-18T12:17:14Z" duration-ms="4678" status="PASS">
          <reporter-output>
          </reporter-output>
        </test-method> <!-- invalidLoginTest -->
        <test-method is-config="true" signature="afterMethod(org.testng.ITestResult)[pri:0, instance:com.store.testCases.LoginLogOffTest@124c278f]" started-at="2021-10-18T12:17:14Z" name="afterMethod" finished-at="2021-10-18T12:17:15Z" duration-ms="663" status="PASS">
          <params>
            <param index="0">
              <value>
                <![CDATA[[TestResult name=invalidLoginTest status=SUCCESS method=LoginLogOffTest.invalidLoginTest()[pri:0, instance:com.store.testCases.LoginLogOffTest@124c278f] output={null}]]]>
              </value>
            </param>
          </params>
          <reporter-output>
          </reporter-output>
        </test-method> <!-- afterMethod -->
        <test-method is-config="true" signature="beforeMethod(java.lang.String)[pri:0, instance:com.store.testCases.LoginLogOffTest@124c278f]" started-at="2021-10-18T12:17:15Z" name="beforeMethod" finished-at="2021-10-18T12:17:23Z" duration-ms="8292" status="PASS">
          <params>
            <param index="0">
              <value>
                <![CDATA[chrome]]>
              </value>
            </param>
          </params>
          <reporter-output>
          </reporter-output>
        </test-method> <!-- beforeMethod -->
        <test-method signature="logOffTest()[pri:0, instance:com.store.testCases.LoginLogOffTest@124c278f]" started-at="2021-10-18T12:17:23Z" name="logOffTest" finished-at="2021-10-18T12:17:30Z" duration-ms="6915" status="PASS">
          <reporter-output>
          </reporter-output>
        </test-method> <!-- logOffTest -->
        <test-method is-config="true" signature="afterMethod(org.testng.ITestResult)[pri:0, instance:com.store.testCases.LoginLogOffTest@124c278f]" started-at="2021-10-18T12:17:30Z" name="afterMethod" finished-at="2021-10-18T12:17:31Z" duration-ms="680" status="PASS">
          <params>
            <param index="0">
              <value>
                <![CDATA[[TestResult name=logOffTest status=SUCCESS method=LoginLogOffTest.logOffTest()[pri:0, instance:com.store.testCases.LoginLogOffTest@124c278f] output={null}]]]>
              </value>
            </param>
          </params>
          <reporter-output>
          </reporter-output>
        </test-method> <!-- afterMethod -->
        <test-method is-config="true" signature="beforeMethod(java.lang.String)[pri:0, instance:com.store.testCases.LoginLogOffTest@124c278f]" started-at="2021-10-18T12:17:31Z" name="beforeMethod" finished-at="2021-10-18T12:17:38Z" duration-ms="7583" status="PASS">
          <params>
            <param index="0">
              <value>
                <![CDATA[chrome]]>
              </value>
            </param>
          </params>
          <reporter-output>
          </reporter-output>
        </test-method> <!-- beforeMethod -->
        <test-method signature="validLoginTest()[pri:0, instance:com.store.testCases.LoginLogOffTest@124c278f]" started-at="2021-10-18T12:17:38Z" name="validLoginTest" finished-at="2021-10-18T12:17:44Z" duration-ms="5414" status="PASS">
          <reporter-output>
          </reporter-output>
        </test-method> <!-- validLoginTest -->
        <test-method is-config="true" signature="afterMethod(org.testng.ITestResult)[pri:0, instance:com.store.testCases.LoginLogOffTest@124c278f]" started-at="2021-10-18T12:17:44Z" name="afterMethod" finished-at="2021-10-18T12:17:44Z" duration-ms="677" status="PASS">
          <params>
            <param index="0">
              <value>
                <![CDATA[[TestResult name=validLoginTest status=SUCCESS method=LoginLogOffTest.validLoginTest()[pri:0, instance:com.store.testCases.LoginLogOffTest@124c278f] output={null}]]]>
              </value>
            </param>
          </params>
          <reporter-output>
          </reporter-output>
        </test-method> <!-- afterMethod -->
      </class> <!-- com.store.testCases.LoginLogOffTest -->
      <class name="com.store.testCases.ShareProductTests">
        <test-method is-config="true" signature="beforeMethod(java.lang.String)[pri:0, instance:com.store.testCases.ShareProductTests@1fe20588]" started-at="2021-10-18T12:19:15Z" name="beforeMethod" finished-at="2021-10-18T12:19:23Z" duration-ms="8303" status="PASS">
          <params>
            <param index="0">
              <value>
                <![CDATA[chrome]]>
              </value>
            </param>
          </params>
          <reporter-output>
          </reporter-output>
        </test-method> <!-- beforeMethod -->
        <test-method signature="shareProductTest()[pri:0, instance:com.store.testCases.ShareProductTests@1fe20588]" started-at="2021-10-18T12:19:23Z" name="shareProductTest" finished-at="2021-10-18T12:19:33Z" duration-ms="9704" status="PASS">
          <reporter-output>
          </reporter-output>
        </test-method> <!-- shareProductTest -->
        <test-method is-config="true" signature="afterMethod(org.testng.ITestResult)[pri:0, instance:com.store.testCases.ShareProductTests@1fe20588]" started-at="2021-10-18T12:19:33Z" name="afterMethod" finished-at="2021-10-18T12:19:34Z" duration-ms="1078" status="PASS">
          <params>
            <param index="0">
              <value>
                <![CDATA[[TestResult name=shareProductTest status=SUCCESS method=ShareProductTests.shareProductTest()[pri:0, instance:com.store.testCases.ShareProductTests@1fe20588] output={null}]]]>
              </value>
            </param>
          </params>
          <reporter-output>
          </reporter-output>
        </test-method> <!-- afterMethod -->
      </class> <!-- com.store.testCases.ShareProductTests -->
    </test> <!-- Apparel Store Test -->
  </suite> <!-- ApparelStoreTestSuite -->
</testng-results>
